<?xml version="1.0" encoding="UTF-8"?>
<!-- Generated by org.testng.reporters.JUnitReportReporter -->
<testsuite hostname="DESKTOP-0J9HM8J" failures="0" tests="1" name="ac.studentmanagetest.StudentManageTest" time="1.876" errors="0" timestamp="2022-12-01T12:07:02 IST" skipped="0">
  <testcase classname="ac.studentmanagetest.StudentManageTest" name="studentmanage" time="1.876"/>
  <system-out/>
</testsuite> <!-- ac.studentmanagetest.StudentManageTest -->
