<?xml version="1.0" encoding="UTF-8"?>
<!-- Generated by org.testng.reporters.JUnitReportReporter -->
<testsuite hostname="DESKTOP-0J9HM8J" failures="0" tests="1" name="org.test.Sample" time="42.871" errors="0" timestamp="2022-11-03T10:32:23 IST" skipped="0">
  <testcase classname="org.test.Sample" name="open" time="42.871"/>
  <system-out/>
</testsuite> <!-- org.test.Sample -->
