<?xml version="1.0" encoding="UTF-8"?>
<!-- Generated by org.testng.reporters.JUnitReportReporter -->
<testsuite hostname="DESKTOP-0J9HM8J" failures="0" tests="1" name="org.payroll.BasicsettingTest" time="3.659" errors="0" timestamp="2022-11-15T16:30:13 IST" skipped="0">
  <testcase classname="org.payroll.BasicsettingTest" name="admission" time="3.659"/>
  <system-out/>
</testsuite> <!-- org.payroll.BasicsettingTest -->
