<?xml version="1.0" encoding="UTF-8"?>
<!-- Generated by org.testng.reporters.JUnitReportReporter -->
<testsuite hostname="DESKTOP-0J9HM8J" failures="0" tests="4" name="aa.admission.PreAdmissionTest" time="69.058" errors="0" timestamp="2022-12-01T12:09:19 IST" skipped="0">
  <testcase classname="aa.admission.PreAdmissionTest" name="create_Preadmission" time="25.761"/>
  <system-out/>
  <testcase classname="aa.admission.PreAdmissionTest" name="status_Update" time="15.704"/>
  <system-out/>
  <testcase classname="aa.admission.PreAdmissionTest" name="updated_Mainadmission" time="16.331"/>
  <system-out/>
  <testcase classname="aa.admission.PreAdmissionTest" name="section_Allocation" time="11.262"/>
  <system-out/>
</testsuite> <!-- aa.admission.PreAdmissionTest -->
