<?xml version="1.0" encoding="UTF-8"?>
<!-- Generated by org.testng.reporters.JUnitReportReporter -->
<testsuite hostname="DESKTOP-0J9HM8J" failures="0" tests="1" name="org.test.Test1" time="230071.734" errors="0" timestamp="2022-11-19T11:09:51 IST" skipped="0">
  <testcase classname="org.test.Test1" name="iingti" time="230071.734"/>
  <system-out/>
</testsuite> <!-- org.test.Test1 -->
